                                                                                                     QUERY PLAN                                                                                                     
--------------------------------------------------------------------------------------------------------------------------------------------------------------------------------------------------------------------
 Limit  (cost=0.29..2.22 rows=20 width=71) (actual time=0.079..0.137 rows=20 loops=1)
   Buffers: shared hit=42
   ->  Index Scan using idx_inventory_release_events_created_at_id_desc on inventory_release_events  (cost=0.29..4813.25 rows=49978 width=71) (actual time=0.078..0.134 rows=20 loops=1)
         Filter: ((created_at < '2026-02-13 04:29:22+00'::timestamp with time zone) OR ((created_at = '2026-02-13 04:29:22+00'::timestamp with time zone) AND (id < '1e5189aa-6f52-4bd4-bdfc-998fcabdfb73'::uuid)))
         Rows Removed by Filter: 20
         Buffers: shared hit=42
 Planning:
   Buffers: shared hit=139
 Planning Time: 0.377 ms
 Execution Time: 0.158 ms
(10 rows)

