                                                                                                     QUERY PLAN                                                                                                     
--------------------------------------------------------------------------------------------------------------------------------------------------------------------------------------------------------------------
 Limit  (cost=0.42..2.36 rows=20 width=71) (actual time=0.098..0.179 rows=20 loops=1)
   Buffers: shared hit=43
   ->  Index Scan using idx_inventory_release_events_created_at_id_desc on inventory_release_events  (cost=0.42..19364.40 rows=199980 width=71) (actual time=0.097..0.176 rows=20 loops=1)
         Filter: ((created_at < '2026-02-13 04:51:58+00'::timestamp with time zone) OR ((created_at = '2026-02-13 04:51:58+00'::timestamp with time zone) AND (id < '874051c0-808e-4f1c-a39c-c21b5bb8a1c1'::uuid)))
         Rows Removed by Filter: 20
         Buffers: shared hit=43
 Planning:
   Buffers: shared hit=140
 Planning Time: 0.354 ms
 Execution Time: 0.203 ms
(10 rows)

